<?xml version="1.0" encoding="UTF-8"?>
<!-- Generated by org.testng.reporters.JUnitReportReporter -->
<testsuite ignored="0" hostname="INPAVANKUMAR01" failures="0" tests="8" name="Digicert.testValidate_Certificate" time="0.057" errors="0" timestamp="14 Mar 2025 17:44:00 GMT" skipped="0">
  <testcase classname="Digicert.testValidate_Certificate" name="testValidateCertificate" time="0.004"/>
  <testcase classname="Digicert.testValidate_Certificate" name="testV" time="0.024"/>
  <testcase classname="Digicert.testValidate_Certificate" name="testValidateCertExpirydate" time="0.005"/>
  <testcase classname="Digicert.testValidate_Certificate" name="testValidateCertVersion" time="0.004"/>
  <testcase classname="Digicert.testValidate_Certificate" name="testValidateCertSignAlgorith" time="0.004"/>
  <testcase classname="Digicert.testValidate_Certificate" name="testValidateCommanName" time="0.005"/>
  <testcase classname="Digicert.testValidate_Certificate" name="testMalformedCertificate" time="0.007"/>
  <testcase classname="Digicert.testValidate_Certificate" name="testValidateIssuer" time="0.004"/>
</testsuite> <!-- Digicert.testValidate_Certificate -->
