<?xml version="1.0" encoding="UTF-8"?>
<!-- Generated by org.testng.reporters.JUnitReportReporter -->
<testsuite ignored="0" hostname="INPAVANKUMAR01" failures="0" tests="8" name="com.digicert.qa.testcert.testValidate_Certificate" time="0.059" errors="0" timestamp="15 Mar 2025 07:03:36 GMT" skipped="0">
  <testcase classname="com.digicert.qa.testcert.testValidate_Certificate" name="testValidateCertificate" time="0.005"/>
  <testcase classname="com.digicert.qa.testcert.testValidate_Certificate" name="testValidateCertExpirydate" time="0.004"/>
  <testcase classname="com.digicert.qa.testcert.testValidate_Certificate" name="testV" time="0.025"/>
  <testcase classname="com.digicert.qa.testcert.testValidate_Certificate" name="testValidateCertVersion" time="0.004"/>
  <testcase classname="com.digicert.qa.testcert.testValidate_Certificate" name="testValidateIssuer" time="0.004"/>
  <testcase classname="com.digicert.qa.testcert.testValidate_Certificate" name="testValidateCertSignatureAlgorith" time="0.004"/>
  <testcase classname="com.digicert.qa.testcert.testValidate_Certificate" name="testMalformedCertificate" time="0.008"/>
  <testcase classname="com.digicert.qa.testcert.testValidate_Certificate" name="testValidateCommanName" time="0.005"/>
</testsuite> <!-- com.digicert.qa.testcert.testValidate_Certificate -->
