<?xml version="1.0" encoding="UTF-8"?>
<!-- Generated by org.testng.reporters.JUnitReportReporter -->
<testsuite ignored="0" hostname="INPAVANKUMAR01" failures="0" tests="2" name="Digicert.Validate_Certificate" time="0.038" errors="0" timestamp="14 Mar 2025 16:23:59 GMT" skipped="0">
  <testcase classname="Digicert.Validate_Certificate" name="testCertificateStructure" time="0.034"/>
  <testcase classname="Digicert.Validate_Certificate" name="testMalformedCertificate" time="0.004"/>
</testsuite> <!-- Digicert.Validate_Certificate -->
