<?xml version="1.0" encoding="UTF-8"?>
<!-- Generated by org.testng.reporters.JUnitReportReporter -->
<testsuite ignored="0" hostname="INPAVANKUMAR01" failures="0" tests="6" name="com.digicert.qa.testcert.CertificateStructureValidationTest" time="0.052" errors="0" timestamp="15 Mar 2025 10:39:29 GMT" skipped="0">
  <testcase classname="com.digicert.qa.testcert.CertificateStructureValidationTest" name="testValidateCertSignatureAlgorith" time="0.005"/>
  <testcase classname="com.digicert.qa.testcert.CertificateStructureValidationTest" name="testValidateCertExpirydate" time="0.028"/>
  <testcase classname="com.digicert.qa.testcert.CertificateStructureValidationTest" name="testValidateCertVersion" time="0.005"/>
  <testcase classname="com.digicert.qa.testcert.CertificateStructureValidationTest" name="testValidateIssuer" time="0.006"/>
  <testcase classname="com.digicert.qa.testcert.CertificateStructureValidationTest" name="testValidateCertificate" time="0.004"/>
  <testcase classname="com.digicert.qa.testcert.CertificateStructureValidationTest" name="testValidateCommanName" time="0.004"/>
</testsuite> <!-- com.digicert.qa.testcert.CertificateStructureValidationTest -->
