<?xml version="1.0" encoding="UTF-8"?>
<!-- Generated by org.testng.reporters.JUnitReportReporter -->
<testsuite ignored="0" hostname="INPAVANKUMAR01" failures="0" tests="3" name="com.digicert.qa.testcert.CertificateDataDrivenTest" time="0.009" errors="0" timestamp="15 Mar 2025 10:39:29 GMT" skipped="0">
  <testcase classname="com.digicert.qa.testcert.CertificateDataDrivenTest" name="testCertificateExpiration" time="0.002"/>
  <testcase classname="com.digicert.qa.testcert.CertificateDataDrivenTest" name="testCertificateExpiration" time="0.002"/>
  <testcase classname="com.digicert.qa.testcert.CertificateDataDrivenTest" name="testCertificateExpiration" time="0.005"/>
</testsuite> <!-- com.digicert.qa.testcert.CertificateDataDrivenTest -->
